#
# There is insufficient memory for the Java Runtime Environment to continue.
# Native memory allocation (malloc) failed to allocate 1454096 bytes for Chunk::new
# Possible reasons:
#   The system is out of physical RAM or swap space
#   The process is running with CompressedOops enabled, and the Java Heap may be blocking the growth of the native heap
# Possible solutions:
#   Reduce memory load on the system
#   Increase physical memory or swap space
#   Check if swap backing store is full
#   Decrease Java heap size (-Xmx/-Xms)
#   Decrease number of Java threads
#   Decrease Java thread stack sizes (-Xss)
#   Set larger code cache with -XX:ReservedCodeCacheSize=
#   JVM is running with Unscaled Compressed Oops mode in which the Java heap is
#     placed in the first 4GB address space. The Java Heap base address is the
#     maximum limit for the native heap growth. Please use -XX:HeapBaseMinAddress
#     to set the Java Heap base and to place the Java Heap above 4GB virtual address.
# This output file may be truncated or incomplete.
#
#  Out of Memory Error (arena.cpp:189), pid=23132, tid=6260
#
# JRE version: OpenJDK Runtime Environment Temurin-17.0.4.1+1 (17.0.4.1+1) (build 17.0.4.1+1)
# Java VM: OpenJDK 64-Bit Server VM Temurin-17.0.4.1+1 (17.0.4.1+1, mixed mode, tiered, compressed oops, compressed class ptrs, parallel gc, windows-amd64)
# No core dump will be written. Minidumps are not enabled by default on client versions of Windows
#

---------------  S U M M A R Y ------------

Command Line: --add-modules=ALL-SYSTEM --add-opens=java.base/java.util=ALL-UNNAMED --add-opens=java.base/java.lang=ALL-UNNAMED --add-opens=java.base/sun.nio.fs=ALL-UNNAMED -Declipse.application=org.eclipse.jdt.ls.core.id1 -Dosgi.bundles.defaultStartLevel=4 -Declipse.product=org.eclipse.jdt.ls.core.product -Djava.import.generatesMetadataFilesAtProjectRoot=false -Dfile.encoding=utf8 -XX:+UseParallelGC -XX:GCTimeRatio=4 -XX:AdaptiveSizePolicyWeight=90 -Dsun.zip.disableMemoryMapping=true -Xmx1G -Xms100m -Xlog:disable -javaagent:c:\Users\25004\.vscode\extensions\redhat.java-1.12.0-win32-x64\lombok\lombok-1.18.24.jar c:\Users\25004\.vscode\extensions\redhat.java-1.12.0-win32-x64\server\plugins\org.eclipse.equinox.launcher_1.6.400.v20210924-0641.jar -configuration c:\Users\25004\AppData\Roaming\Code\User\globalStorage\redhat.java\1.12.0\config_ss_win -data c:\Users\25004\AppData\Roaming\Code\User\workspaceStorage\c34afca90dcffedca03c7e3ee361e238\redhat.java\ss_ws

Host: 11th Gen Intel(R) Core(TM) i5-11320H @ 3.20GHz, 8 cores, 15G,  Windows 11 , 64 bit Build 22000 (10.0.22000.708)
Time: Fri Oct 28 14:22:27 2022  Windows 11 , 64 bit Build 22000 (10.0.22000.708) elapsed time: 4.902394 seconds (0d 0h 0m 4s)

---------------  T H R E A D  ---------------

Current thread (0x0000023d27aa6780):  JavaThread "C2 CompilerThread1" daemon [_thread_in_native, id=6260, stack(0x000000b005900000,0x000000b005a00000)]


Current CompileTask:
C2:   4902 2792       4       jdk.internal.org.objectweb.asm.Frame::execute (2318 bytes)

Stack: [0x000000b005900000,0x000000b005a00000]
Native frames: (J=compiled Java code, j=interpreted, Vv=VM code, C=native code)
V  [jvm.dll+0x67731a]
V  [jvm.dll+0x832284]
V  [jvm.dll+0x833a2e]
V  [jvm.dll+0x834093]
V  [jvm.dll+0x245775]
V  [jvm.dll+0xabd7b]
V  [jvm.dll+0xac30c]
V  [jvm.dll+0x363a42]
V  [jvm.dll+0x32e011]
V  [jvm.dll+0x32d4ba]
V  [jvm.dll+0x218681]
V  [jvm.dll+0x217aa1]
V  [jvm.dll+0x1a3f8d]
V  [jvm.dll+0x227498]
V  [jvm.dll+0x2255e5]
V  [jvm.dll+0x7e7e9b]
V  [jvm.dll+0x7e240a]
V  [jvm.dll+0x6761a5]
C  [ucrtbase.dll+0x26c0c]
C  [KERNEL32.DLL+0x154e0]
C  [ntdll.dll+0x485b]


---------------  P R O C E S S  ---------------

Threads class SMR info:
_java_thread_list=0x0000023d2829baa0, length=25, elements={
0x0000023d0d9b88e0, 0x0000023d25233d80, 0x0000023d25236ff0, 0x0000023d237abcc0,
0x0000023d237ac780, 0x0000023d237ad140, 0x0000023d237ada00, 0x0000023d237ae6a0,
0x0000023d25286f70, 0x0000023d0da8dfc0, 0x0000023d253e5c20, 0x0000023d25563070,
0x0000023d264e6ec0, 0x0000023d2672e6e0, 0x0000023d266e5140, 0x0000023d27647e50,
0x0000023d26781030, 0x0000023d276c17f0, 0x0000023d2779f920, 0x0000023d0d9a4a90,
0x0000023d27aa6780, 0x0000023d283472e0, 0x0000023d0d9a5430, 0x0000023d0d9a5900,
0x0000023d0d9a5dd0
}

Java Threads: ( => current thread )
  0x0000023d0d9b88e0 JavaThread "main" [_thread_blocked, id=41620, stack(0x000000b003b00000,0x000000b003c00000)]
  0x0000023d25233d80 JavaThread "Reference Handler" daemon [_thread_blocked, id=43584, stack(0x000000b003e00000,0x000000b003f00000)]
  0x0000023d25236ff0 JavaThread "Finalizer" daemon [_thread_blocked, id=41140, stack(0x000000b003f00000,0x000000b004000000)]
  0x0000023d237abcc0 JavaThread "Signal Dispatcher" daemon [_thread_blocked, id=46492, stack(0x000000b004000000,0x000000b004100000)]
  0x0000023d237ac780 JavaThread "Attach Listener" daemon [_thread_blocked, id=62076, stack(0x000000b004100000,0x000000b004200000)]
  0x0000023d237ad140 JavaThread "Service Thread" daemon [_thread_blocked, id=55428, stack(0x000000b004200000,0x000000b004300000)]
  0x0000023d237ada00 JavaThread "Monitor Deflation Thread" daemon [_thread_blocked, id=53668, stack(0x000000b004300000,0x000000b004400000)]
  0x0000023d237ae6a0 JavaThread "C2 CompilerThread0" daemon [_thread_blocked, id=49188, stack(0x000000b004400000,0x000000b004500000)]
  0x0000023d25286f70 JavaThread "C1 CompilerThread0" daemon [_thread_in_vm, id=12672, stack(0x000000b004500000,0x000000b004600000)]
  0x0000023d0da8dfc0 JavaThread "Sweeper thread" daemon [_thread_blocked, id=52088, stack(0x000000b004600000,0x000000b004700000)]
  0x0000023d253e5c20 JavaThread "Common-Cleaner" daemon [_thread_blocked, id=54512, stack(0x000000b004700000,0x000000b004800000)]
  0x0000023d25563070 JavaThread "Notification Thread" daemon [_thread_blocked, id=34368, stack(0x000000b004800000,0x000000b004900000)]
  0x0000023d264e6ec0 JavaThread "Active Thread: Equinox Container: 4ba603b3-07c8-49ea-996f-6b1f7094df61" [_thread_blocked, id=10024, stack(0x000000b005100000,0x000000b005200000)]
  0x0000023d2672e6e0 JavaThread "Framework Event Dispatcher: Equinox Container: 4ba603b3-07c8-49ea-996f-6b1f7094df61" daemon [_thread_blocked, id=55872, stack(0x000000b005200000,0x000000b005300000)]
  0x0000023d266e5140 JavaThread "Start Level: Equinox Container: 4ba603b3-07c8-49ea-996f-6b1f7094df61" daemon [_thread_blocked, id=13416, stack(0x000000b005300000,0x000000b005400000)]
  0x0000023d27647e50 JavaThread "SCR Component Actor" daemon [_thread_blocked, id=34792, stack(0x000000b005400000,0x000000b005500000)]
  0x0000023d26781030 JavaThread "SCR Component Registry" daemon [_thread_blocked, id=61992, stack(0x000000b005500000,0x000000b005600000)]
  0x0000023d276c17f0 JavaThread "Worker-JM" [_thread_blocked, id=62736, stack(0x000000b005600000,0x000000b005700000)]
  0x0000023d2779f920 JavaThread "Worker-0" [_thread_blocked, id=43152, stack(0x000000b005700000,0x000000b005800000)]
  0x0000023d0d9a4a90 JavaThread "Worker-1: Initialize Workspace" [_thread_blocked, id=61276, stack(0x000000b005800000,0x000000b005900000)]
=>0x0000023d27aa6780 JavaThread "C2 CompilerThread1" daemon [_thread_in_native, id=6260, stack(0x000000b005900000,0x000000b005a00000)]
  0x0000023d283472e0 JavaThread "C2 CompilerThread2" daemon [_thread_blocked, id=56228, stack(0x000000b005a00000,0x000000b005b00000)]
  0x0000023d0d9a5430 JavaThread "JNA Cleaner" daemon [_thread_blocked, id=40504, stack(0x000000b005b00000,0x000000b005c00000)]
  0x0000023d0d9a5900 JavaThread "pool-2-thread-1" [_thread_blocked, id=3024, stack(0x000000b005c00000,0x000000b005d00000)]
  0x0000023d0d9a5dd0 JavaThread "pool-1-thread-1" [_thread_in_native, id=56860, stack(0x000000b005d00000,0x000000b005e00000)]

Other Threads:
  0x0000023d25230c20 VMThread "VM Thread" [stack: 0x000000b003d00000,0x000000b003e00000] [id=55952]
  0x0000023d25563540 WatcherThread [stack: 0x000000b004900000,0x000000b004a00000] [id=12236]
  0x0000023d0d9cf190 GCTaskThread "GC Thread#0" [stack: 0x000000b003c00000,0x000000b003d00000] [id=16724]
  0x0000023d2614b810 GCTaskThread "GC Thread#1" [stack: 0x000000b004a00000,0x000000b004b00000] [id=40324]
  0x0000023d264ea340 GCTaskThread "GC Thread#2" [stack: 0x000000b004b00000,0x000000b004c00000] [id=23000]
  0x0000023d264ea5f0 GCTaskThread "GC Thread#3" [stack: 0x000000b004c00000,0x000000b004d00000] [id=53884]
  0x0000023d2614bac0 GCTaskThread "GC Thread#4" [stack: 0x000000b004d00000,0x000000b004e00000] [id=5008]
  0x0000023d2614bd70 GCTaskThread "GC Thread#5" [stack: 0x000000b004e00000,0x000000b004f00000] [id=60904]
  0x0000023d26866d30 GCTaskThread "GC Thread#6" [stack: 0x000000b004f00000,0x000000b005000000] [id=20916]
  0x0000023d27610a90 GCTaskThread "GC Thread#7" [stack: 0x000000b005000000,0x000000b005100000] [id=35036]

Threads with active compile tasks:
C1 CompilerThread0     4938 2947       3       org.eclipse.core.runtime.Path::getFileExtension (42 bytes)
C2 CompilerThread1     4938 2792       4       jdk.internal.org.objectweb.asm.Frame::execute (2318 bytes)

VM state: not at safepoint (normal execution)

VM Mutex/Monitor currently owned by a thread: None

Heap address: 0x00000000c0000000, size: 1024 MB, Compressed Oops mode: 32-bit

CDS archive(s) not mapped
Compressed class space mapped at: 0x0000000100000000-0x0000000140000000, reserved size: 1073741824
Narrow klass base: 0x0000000000000000, Narrow klass shift: 3, Narrow klass range: 0x140000000

GC Precious Log:
 CPUs: 8 total, 8 available
 Memory: 16167M
 Large Page Support: Disabled
 NUMA Support: Disabled
 Compressed Oops: Enabled (32-bit)
 Alignments: Space 512K, Generation 512K, Heap 2M
 Heap Min Capacity: 100M
 Heap Initial Capacity: 100M
 Heap Max Capacity: 1G
 Pre-touch: Disabled
 Parallel Workers: 8

Heap:
 PSYoungGen      total 25600K, used 9185K [0x00000000eab00000, 0x00000000ec780000, 0x0000000100000000)
  eden space 24064K, 31% used [0x00000000eab00000,0x00000000eb280730,0x00000000ec280000)
  from space 1536K, 97% used [0x00000000ec500000,0x00000000ec678020,0x00000000ec680000)
  to   space 1024K, 0% used [0x00000000ec680000,0x00000000ec680000,0x00000000ec780000)
 ParOldGen       total 68608K, used 8281K [0x00000000c0000000, 0x00000000c4300000, 0x00000000eab00000)
  object space 68608K, 12% used [0x00000000c0000000,0x00000000c0816668,0x00000000c4300000)
 Metaspace       used 33004K, committed 33664K, reserved 1081344K
  class space    used 3328K, committed 3648K, reserved 1048576K

Card table byte_map: [0x0000023d21020000,0x0000023d21230000] _byte_map_base: 0x0000023d20a20000

Marking Bits: (ParMarkBitMap*) 0x00007ffedc5a2cc0
 Begin Bits: [0x0000023d21390000, 0x0000023d22390000)
 End Bits:   [0x0000023d22390000, 0x0000023d23390000)

Polling page: 0x0000023d0da90000

Metaspace:

Usage:
  Non-class:     28.98 MB used.
      Class:      3.25 MB used.
       Both:     32.23 MB used.

Virtual space:
  Non-class space:       32.00 MB reserved,      29.31 MB ( 92%) committed,  4 nodes.
      Class space:        1.00 GB reserved,       3.56 MB ( <1%) committed,  1 nodes.
             Both:        1.03 GB reserved,      32.88 MB (  3%) committed. 

Chunk freelists:
   Non-Class:  2.49 MB
       Class:  476.00 KB
        Both:  2.94 MB

MaxMetaspaceSize: unlimited
CompressedClassSpaceSize: 1.00 GB
Initial GC threshold: 21.00 MB
Current GC threshold: 35.00 MB
CDS: off
MetaspaceReclaimPolicy: balanced
 - commit_granule_bytes: 65536.
 - commit_granule_words: 8192.
 - virtual_space_node_default_size: 1048576.
 - enlarge_chunks_in_place: 1.
 - new_chunks_are_fully_committed: 0.
 - uncommit_free_chunks: 1.
 - use_allocation_guard: 0.
 - handle_deallocations: 1.


Internal statistics:

num_allocs_failed_limit: 3.
num_arena_births: 246.
num_arena_deaths: 14.
num_vsnodes_births: 5.
num_vsnodes_deaths: 0.
num_space_committed: 526.
num_space_uncommitted: 0.
num_chunks_returned_to_freelist: 17.
num_chunks_taken_from_freelist: 1195.
num_chunk_merges: 7.
num_chunk_splits: 805.
num_chunks_enlarged: 575.
num_purges: 2.
num_inconsistent_stats: 0.

CodeHeap 'non-profiled nmethods': size=120000Kb used=1181Kb max_used=1181Kb free=118818Kb
 bounds [0x0000023d19910000, 0x0000023d19b80000, 0x0000023d20e40000]
CodeHeap 'profiled nmethods': size=120000Kb used=5980Kb max_used=5980Kb free=114019Kb
 bounds [0x0000023d123e0000, 0x0000023d129c0000, 0x0000023d19910000]
CodeHeap 'non-nmethods': size=5760Kb used=1264Kb max_used=1284Kb free=4495Kb
 bounds [0x0000023d11e40000, 0x0000023d120b0000, 0x0000023d123e0000]
 total_blobs=3520 nmethods=2952 adapters=481
 compilation: enabled
              stopped_count=0, restarted_count=0
 full_count=0

Compilation events (20 events):
Event: 4.880 Thread 0x0000023d25286f70 2892       3       com.sun.org.apache.xerces.internal.utils.XMLLimitAnalyzer::addValue (260 bytes)
Event: 4.881 Thread 0x0000023d25286f70 nmethod 2892 0x0000023d1298f310 code [0x0000023d1298f620, 0x0000023d12990a08]
Event: 4.892 Thread 0x0000023d283472e0 nmethod 2899 0x0000023d19a33390 code [0x0000023d19a33560, 0x0000023d19a34018]
Event: 4.893 Thread 0x0000023d283472e0 2900       4       java.util.concurrent.ConcurrentHashMap::putIfAbsent (8 bytes)
Event: 4.893 Thread 0x0000023d283472e0 nmethod 2900 0x0000023d19a34610 code [0x0000023d19a347a0, 0x0000023d19a34848]
Event: 4.894 Thread 0x0000023d25286f70 2901       3       jdk.internal.org.objectweb.asm.ClassWriter::toByteArray (1535 bytes)
Event: 4.898 Thread 0x0000023d25286f70 nmethod 2901 0x0000023d12991110 code [0x0000023d12991a40, 0x0000023d12995718]
Event: 4.898 Thread 0x0000023d25286f70 2902   !   3       org.eclipse.core.internal.resources.Workspace::getResourceInfo (108 bytes)
Event: 4.899 Thread 0x0000023d25286f70 nmethod 2902 0x0000023d12997710 code [0x0000023d12997960, 0x0000023d129982f8]
Event: 4.899 Thread 0x0000023d25286f70 2904       1       java.util.Formatter$Flags::valueOf (5 bytes)
Event: 4.899 Thread 0x0000023d25286f70 nmethod 2904 0x0000023d19a34910 code [0x0000023d19a34aa0, 0x0000023d19a34b78]
Event: 4.899 Thread 0x0000023d25286f70 2905       3       java.util.regex.Matcher::groupCount (10 bytes)
Event: 4.899 Thread 0x0000023d25286f70 nmethod 2905 0x0000023d12998790 code [0x0000023d12998920, 0x0000023d12998a38]
Event: 4.899 Thread 0x0000023d25286f70 2906       3       java.util.Formatter$Flags::contains (22 bytes)
Event: 4.899 Thread 0x0000023d25286f70 nmethod 2906 0x0000023d12998b10 code [0x0000023d12998ca0, 0x0000023d12998e58]
Event: 4.899 Thread 0x0000023d25286f70 2907       3       jdk.internal.reflect.AccessorGenerator::sub (5 bytes)
Event: 4.899 Thread 0x0000023d25286f70 nmethod 2907 0x0000023d12998f10 code [0x0000023d129990a0, 0x0000023d12999198]
Event: 4.899 Thread 0x0000023d25286f70 2903       1       org.eclipse.core.internal.resources.Workspace::getRoot (5 bytes)
Event: 4.899 Thread 0x0000023d25286f70 nmethod 2903 0x0000023d19a34c10 code [0x0000023d19a34da0, 0x0000023d19a34e78]
Event: 4.900 Thread 0x0000023d283472e0 2908       4       java.util.Collections$SingletonMap::get (20 bytes)

GC Heap History (16 events):
Event: 1.199 GC heap before
{Heap before GC invocations=1 (full 0):
 PSYoungGen      total 29696K, used 25600K [0x00000000eab00000, 0x00000000ecc00000, 0x0000000100000000)
  eden space 25600K, 100% used [0x00000000eab00000,0x00000000ec400000,0x00000000ec400000)
  from space 4096K, 0% used [0x00000000ec800000,0x00000000ec800000,0x00000000ecc00000)
  to   space 4096K, 0% used [0x00000000ec400000,0x00000000ec400000,0x00000000ec800000)
 ParOldGen       total 68608K, used 0K [0x00000000c0000000, 0x00000000c4300000, 0x00000000eab00000)
  object space 68608K, 0% used [0x00000000c0000000,0x00000000c0000000,0x00000000c4300000)
 Metaspace       used 10779K, committed 10944K, reserved 1064960K
  class space    used 1083K, committed 1152K, reserved 1048576K
}
Event: 1.205 GC heap after
{Heap after GC invocations=1 (full 0):
 PSYoungGen      total 29696K, used 3414K [0x00000000eab00000, 0x00000000ecc00000, 0x0000000100000000)
  eden space 25600K, 0% used [0x00000000eab00000,0x00000000eab00000,0x00000000ec400000)
  from space 4096K, 83% used [0x00000000ec400000,0x00000000ec755b48,0x00000000ec800000)
  to   space 4096K, 0% used [0x00000000ec800000,0x00000000ec800000,0x00000000ecc00000)
 ParOldGen       total 68608K, used 16K [0x00000000c0000000, 0x00000000c4300000, 0x00000000eab00000)
  object space 68608K, 0% used [0x00000000c0000000,0x00000000c0004000,0x00000000c4300000)
 Metaspace       used 10779K, committed 10944K, reserved 1064960K
  class space    used 1083K, committed 1152K, reserved 1048576K
}
Event: 2.082 GC heap before
{Heap before GC invocations=2 (full 0):
 PSYoungGen      total 29696K, used 29014K [0x00000000eab00000, 0x00000000ecc00000, 0x0000000100000000)
  eden space 25600K, 100% used [0x00000000eab00000,0x00000000ec400000,0x00000000ec400000)
  from space 4096K, 83% used [0x00000000ec400000,0x00000000ec755b48,0x00000000ec800000)
  to   space 4096K, 0% used [0x00000000ec800000,0x00000000ec800000,0x00000000ecc00000)
 ParOldGen       total 68608K, used 16K [0x00000000c0000000, 0x00000000c4300000, 0x00000000eab00000)
  object space 68608K, 0% used [0x00000000c0000000,0x00000000c0004000,0x00000000c4300000)
 Metaspace       used 15207K, committed 15424K, reserved 1064960K
  class space    used 1553K, committed 1664K, reserved 1048576K
}
Event: 2.088 GC heap after
{Heap after GC invocations=2 (full 0):
 PSYoungGen      total 29696K, used 4069K [0x00000000eab00000, 0x00000000ecc00000, 0x0000000100000000)
  eden space 25600K, 0% used [0x00000000eab00000,0x00000000eab00000,0x00000000ec400000)
  from space 4096K, 99% used [0x00000000ec800000,0x00000000ecbf9738,0x00000000ecc00000)
  to   space 4096K, 0% used [0x00000000ec400000,0x00000000ec400000,0x00000000ec800000)
 ParOldGen       total 68608K, used 876K [0x00000000c0000000, 0x00000000c4300000, 0x00000000eab00000)
  object space 68608K, 1% used [0x00000000c0000000,0x00000000c00db360,0x00000000c4300000)
 Metaspace       used 15207K, committed 15424K, reserved 1064960K
  class space    used 1553K, committed 1664K, reserved 1048576K
}
Event: 3.340 GC heap before
{Heap before GC invocations=3 (full 0):
 PSYoungGen      total 29696K, used 29669K [0x00000000eab00000, 0x00000000ecc00000, 0x0000000100000000)
  eden space 25600K, 100% used [0x00000000eab00000,0x00000000ec400000,0x00000000ec400000)
  from space 4096K, 99% used [0x00000000ec800000,0x00000000ecbf9738,0x00000000ecc00000)
  to   space 4096K, 0% used [0x00000000ec400000,0x00000000ec400000,0x00000000ec800000)
 ParOldGen       total 68608K, used 876K [0x00000000c0000000, 0x00000000c4300000, 0x00000000eab00000)
  object space 68608K, 1% used [0x00000000c0000000,0x00000000c00db360,0x00000000c4300000)
 Metaspace       used 20205K, committed 20672K, reserved 1073152K
  class space    used 2057K, committed 2304K, reserved 1048576K
}
Event: 3.344 GC heap after
{Heap after GC invocations=3 (full 0):
 PSYoungGen      total 29696K, used 4079K [0x00000000eab00000, 0x00000000ecc00000, 0x0000000100000000)
  eden space 25600K, 0% used [0x00000000eab00000,0x00000000eab00000,0x00000000ec400000)
  from space 4096K, 99% used [0x00000000ec400000,0x00000000ec7fbea0,0x00000000ec800000)
  to   space 4096K, 0% used [0x00000000ec800000,0x00000000ec800000,0x00000000ecc00000)
 ParOldGen       total 68608K, used 3196K [0x00000000c0000000, 0x00000000c4300000, 0x00000000eab00000)
  object space 68608K, 4% used [0x00000000c0000000,0x00000000c031f328,0x00000000c4300000)
 Metaspace       used 20205K, committed 20672K, reserved 1073152K
  class space    used 2057K, committed 2304K, reserved 1048576K
}
Event: 3.527 GC heap before
{Heap before GC invocations=4 (full 0):
 PSYoungGen      total 29696K, used 9889K [0x00000000eab00000, 0x00000000ecc00000, 0x0000000100000000)
  eden space 25600K, 22% used [0x00000000eab00000,0x00000000eb0ac920,0x00000000ec400000)
  from space 4096K, 99% used [0x00000000ec400000,0x00000000ec7fbea0,0x00000000ec800000)
  to   space 4096K, 0% used [0x00000000ec800000,0x00000000ec800000,0x00000000ecc00000)
 ParOldGen       total 68608K, used 3196K [0x00000000c0000000, 0x00000000c4300000, 0x00000000eab00000)
  object space 68608K, 4% used [0x00000000c0000000,0x00000000c031f328,0x00000000c4300000)
 Metaspace       used 21092K, committed 21504K, reserved 1073152K
  class space    used 2149K, committed 2368K, reserved 1048576K
}
Event: 3.530 GC heap after
{Heap after GC invocations=4 (full 0):
 PSYoungGen      total 29696K, used 4068K [0x00000000eab00000, 0x00000000ecc00000, 0x0000000100000000)
  eden space 25600K, 0% used [0x00000000eab00000,0x00000000eab00000,0x00000000ec400000)
  from space 4096K, 99% used [0x00000000ec800000,0x00000000ecbf93c8,0x00000000ecc00000)
  to   space 4096K, 0% used [0x00000000ec400000,0x00000000ec400000,0x00000000ec800000)
 ParOldGen       total 68608K, used 3700K [0x00000000c0000000, 0x00000000c4300000, 0x00000000eab00000)
  object space 68608K, 5% used [0x00000000c0000000,0x00000000c039d338,0x00000000c4300000)
 Metaspace       used 21092K, committed 21504K, reserved 1073152K
  class space    used 2149K, committed 2368K, reserved 1048576K
}
Event: 3.530 GC heap before
{Heap before GC invocations=5 (full 1):
 PSYoungGen      total 29696K, used 4068K [0x00000000eab00000, 0x00000000ecc00000, 0x0000000100000000)
  eden space 25600K, 0% used [0x00000000eab00000,0x00000000eab00000,0x00000000ec400000)
  from space 4096K, 99% used [0x00000000ec800000,0x00000000ecbf93c8,0x00000000ecc00000)
  to   space 4096K, 0% used [0x00000000ec400000,0x00000000ec400000,0x00000000ec800000)
 ParOldGen       total 68608K, used 3700K [0x00000000c0000000, 0x00000000c4300000, 0x00000000eab00000)
  object space 68608K, 5% used [0x00000000c0000000,0x00000000c039d338,0x00000000c4300000)
 Metaspace       used 21092K, committed 21504K, reserved 1073152K
  class space    used 2149K, committed 2368K, reserved 1048576K
}
Event: 3.549 GC heap after
{Heap after GC invocations=5 (full 1):
 PSYoungGen      total 29696K, used 0K [0x00000000eab00000, 0x00000000ecc00000, 0x0000000100000000)
  eden space 25600K, 0% used [0x00000000eab00000,0x00000000eab00000,0x00000000ec400000)
  from space 4096K, 0% used [0x00000000ec800000,0x00000000ec800000,0x00000000ecc00000)
  to   space 4096K, 0% used [0x00000000ec400000,0x00000000ec400000,0x00000000ec800000)
 ParOldGen       total 68608K, used 7479K [0x00000000c0000000, 0x00000000c4300000, 0x00000000eab00000)
  object space 68608K, 10% used [0x00000000c0000000,0x00000000c074df18,0x00000000c4300000)
 Metaspace       used 21079K, committed 21504K, reserved 1073152K
  class space    used 2145K, committed 2368K, reserved 1048576K
}
Event: 3.729 GC heap before
{Heap before GC invocations=6 (full 1):
 PSYoungGen      total 29696K, used 25600K [0x00000000eab00000, 0x00000000ecc00000, 0x0000000100000000)
  eden space 25600K, 100% used [0x00000000eab00000,0x00000000ec400000,0x00000000ec400000)
  from space 4096K, 0% used [0x00000000ec800000,0x00000000ec800000,0x00000000ecc00000)
  to   space 4096K, 0% used [0x00000000ec400000,0x00000000ec400000,0x00000000ec800000)
 ParOldGen       total 68608K, used 7479K [0x00000000c0000000, 0x00000000c4300000, 0x00000000eab00000)
  object space 68608K, 10% used [0x00000000c0000000,0x00000000c074df18,0x00000000c4300000)
 Metaspace       used 24643K, committed 25088K, reserved 1073152K
  class space    used 2396K, committed 2624K, reserved 1048576K
}
Event: 3.730 GC heap after
{Heap after GC invocations=6 (full 1):
 PSYoungGen      total 25600K, used 288K [0x00000000eab00000, 0x00000000ec880000, 0x0000000100000000)
  eden space 25088K, 0% used [0x00000000eab00000,0x00000000eab00000,0x00000000ec380000)
  from space 512K, 56% used [0x00000000ec400000,0x00000000ec448000,0x00000000ec480000)
  to   space 2048K, 0% used [0x00000000ec680000,0x00000000ec680000,0x00000000ec880000)
 ParOldGen       total 68608K, used 7479K [0x00000000c0000000, 0x00000000c4300000, 0x00000000eab00000)
  object space 68608K, 10% used [0x00000000c0000000,0x00000000c074df18,0x00000000c4300000)
 Metaspace       used 24643K, committed 25088K, reserved 1073152K
  class space    used 2396K, committed 2624K, reserved 1048576K
}
Event: 4.518 GC heap before
{Heap before GC invocations=7 (full 1):
 PSYoungGen      total 25600K, used 25376K [0x00000000eab00000, 0x00000000ec880000, 0x0000000100000000)
  eden space 25088K, 100% used [0x00000000eab00000,0x00000000ec380000,0x00000000ec380000)
  from space 512K, 56% used [0x00000000ec400000,0x00000000ec448000,0x00000000ec480000)
  to   space 2048K, 0% used [0x00000000ec680000,0x00000000ec680000,0x00000000ec880000)
 ParOldGen       total 68608K, used 7479K [0x00000000c0000000, 0x00000000c4300000, 0x00000000eab00000)
  object space 68608K, 10% used [0x00000000c0000000,0x00000000c074df18,0x00000000c4300000)
 Metaspace       used 27547K, committed 28096K, reserved 1081344K
  class space    used 2656K, committed 2880K, reserved 1048576K
}
Event: 4.519 GC heap after
{Heap after GC invocations=7 (full 1):
 PSYoungGen      total 26112K, used 1160K [0x00000000eab00000, 0x00000000ec800000, 0x0000000100000000)
  eden space 24576K, 0% used [0x00000000eab00000,0x00000000eab00000,0x00000000ec300000)
  from space 1536K, 75% used [0x00000000ec680000,0x00000000ec7a2308,0x00000000ec800000)
  to   space 1536K, 0% used [0x00000000ec500000,0x00000000ec500000,0x00000000ec680000)
 ParOldGen       total 68608K, used 7487K [0x00000000c0000000, 0x00000000c4300000, 0x00000000eab00000)
  object space 68608K, 10% used [0x00000000c0000000,0x00000000c074ff18,0x00000000c4300000)
 Metaspace       used 27547K, committed 28096K, reserved 1081344K
  class space    used 2656K, committed 2880K, reserved 1048576K
}
Event: 4.829 GC heap before
{Heap before GC invocations=8 (full 1):
 PSYoungGen      total 26112K, used 25736K [0x00000000eab00000, 0x00000000ec800000, 0x0000000100000000)
  eden space 24576K, 100% used [0x00000000eab00000,0x00000000ec300000,0x00000000ec300000)
  from space 1536K, 75% used [0x00000000ec680000,0x00000000ec7a2308,0x00000000ec800000)
  to   space 1536K, 0% used [0x00000000ec500000,0x00000000ec500000,0x00000000ec680000)
 ParOldGen       total 68608K, used 7487K [0x00000000c0000000, 0x00000000c4300000, 0x00000000eab00000)
  object space 68608K, 10% used [0x00000000c0000000,0x00000000c074ff18,0x00000000c4300000)
 Metaspace       used 31719K, committed 32256K, reserved 1081344K
  class space    used 3191K, committed 3392K, reserved 1048576K
}
Event: 4.830 GC heap after
{Heap after GC invocations=8 (full 1):
 PSYoungGen      total 25600K, used 1504K [0x00000000eab00000, 0x00000000ec780000, 0x0000000100000000)
  eden space 24064K, 0% used [0x00000000eab00000,0x00000000eab00000,0x00000000ec280000)
  from space 1536K, 97% used [0x00000000ec500000,0x00000000ec678020,0x00000000ec680000)
  to   space 1024K, 0% used [0x00000000ec680000,0x00000000ec680000,0x00000000ec780000)
 ParOldGen       total 68608K, used 8281K [0x00000000c0000000, 0x00000000c4300000, 0x00000000eab00000)
  object space 68608K, 12% used [0x00000000c0000000,0x00000000c0816668,0x00000000c4300000)
 Metaspace       used 31719K, committed 32256K, reserved 1081344K
  class space    used 3191K, committed 3392K, reserved 1048576K
}

Deoptimization events (20 events):
Event: 4.689 Thread 0x0000023d266e5140 Uncommon trap: trap_request=0xffffff45 fr.pc=0x0000023d19a0bbf4 relative=0x0000000000000b14
Event: 4.689 Thread 0x0000023d266e5140 Uncommon trap: reason=unstable_if action=reinterpret pc=0x0000023d19a0bbf4 method=jdk.internal.org.objectweb.asm.SymbolTable.put(Ljdk/internal/org/objectweb/asm/SymbolTable$Entry;)Ljdk/internal/org/objectweb/asm/SymbolTable$Entry; @ 13 c2
Event: 4.689 Thread 0x0000023d266e5140 DEOPT PACKING pc=0x0000023d19a0bbf4 sp=0x000000b0053fbea0
Event: 4.689 Thread 0x0000023d266e5140 DEOPT UNPACKING pc=0x0000023d11e95923 sp=0x000000b0053fbde8 mode 2
Event: 4.698 Thread 0x0000023d266e5140 Uncommon trap: trap_request=0xffffff76 fr.pc=0x0000023d19a1fee0 relative=0x0000000000000620
Event: 4.698 Thread 0x0000023d266e5140 Uncommon trap: reason=predicate action=maybe_recompile pc=0x0000023d19a1fee0 method=java.util.TreeMap.getEntryUsingComparator(Ljava/lang/Object;)Ljava/util/TreeMap$Entry; @ 19 c2
Event: 4.699 Thread 0x0000023d266e5140 DEOPT PACKING pc=0x0000023d19a1fee0 sp=0x000000b0053fca70
Event: 4.699 Thread 0x0000023d266e5140 DEOPT UNPACKING pc=0x0000023d11e95923 sp=0x000000b0053fc990 mode 2
Event: 4.717 Thread 0x0000023d0d9b88e0 Uncommon trap: trap_request=0xffffff76 fr.pc=0x0000023d19a1aa44 relative=0x0000000000000604
Event: 4.717 Thread 0x0000023d0d9b88e0 Uncommon trap: reason=predicate action=maybe_recompile pc=0x0000023d19a1aa44 method=java.util.TreeMap.getEntryUsingComparator(Ljava/lang/Object;)Ljava/util/TreeMap$Entry; @ 19 c2
Event: 4.717 Thread 0x0000023d0d9b88e0 DEOPT PACKING pc=0x0000023d19a1aa44 sp=0x000000b003bfde90
Event: 4.717 Thread 0x0000023d0d9b88e0 DEOPT UNPACKING pc=0x0000023d11e95923 sp=0x000000b003bfde40 mode 2
Event: 4.805 Thread 0x0000023d0d9b88e0 Uncommon trap: trap_request=0xffffff45 fr.pc=0x0000023d199fa9b4 relative=0x0000000000000114
Event: 4.805 Thread 0x0000023d0d9b88e0 Uncommon trap: reason=unstable_if action=reinterpret pc=0x0000023d199fa9b4 method=jdk.internal.org.objectweb.asm.SymbolTable.put(Ljdk/internal/org/objectweb/asm/SymbolTable$Entry;)Ljdk/internal/org/objectweb/asm/SymbolTable$Entry; @ 13 c2
Event: 4.805 Thread 0x0000023d0d9b88e0 DEOPT PACKING pc=0x0000023d199fa9b4 sp=0x000000b003bfd630
Event: 4.805 Thread 0x0000023d0d9b88e0 DEOPT UNPACKING pc=0x0000023d11e95923 sp=0x000000b003bfd590 mode 2
Event: 4.866 Thread 0x0000023d0d9a5dd0 Uncommon trap: trap_request=0xffffff45 fr.pc=0x0000023d1997728c relative=0x00000000000001ec
Event: 4.866 Thread 0x0000023d0d9a5dd0 Uncommon trap: reason=unstable_if action=reinterpret pc=0x0000023d1997728c method=java.net.URI$Parser.scan(IIJJ)I @ 42 c2
Event: 4.866 Thread 0x0000023d0d9a5dd0 DEOPT PACKING pc=0x0000023d1997728c sp=0x000000b005dfde30
Event: 4.866 Thread 0x0000023d0d9a5dd0 DEOPT UNPACKING pc=0x0000023d11e95923 sp=0x000000b005dfddb0 mode 2

Classes unloaded (7 events):
Event: 3.533 Thread 0x0000023d25230c20 Unloading class 0x0000000100210800 'java/lang/invoke/LambdaForm$MH+0x0000000100210800'
Event: 3.533 Thread 0x0000023d25230c20 Unloading class 0x0000000100210400 'java/lang/invoke/LambdaForm$MH+0x0000000100210400'
Event: 3.533 Thread 0x0000023d25230c20 Unloading class 0x0000000100210000 'java/lang/invoke/LambdaForm$MH+0x0000000100210000'
Event: 3.533 Thread 0x0000023d25230c20 Unloading class 0x000000010020fc00 'java/lang/invoke/LambdaForm$MH+0x000000010020fc00'
Event: 3.533 Thread 0x0000023d25230c20 Unloading class 0x000000010020f400 'java/lang/invoke/LambdaForm$BMH+0x000000010020f400'
Event: 3.533 Thread 0x0000023d25230c20 Unloading class 0x000000010020f000 'java/lang/invoke/LambdaForm$DMH+0x000000010020f000'
Event: 3.533 Thread 0x0000023d25230c20 Unloading class 0x000000010020c400 'java/lang/invoke/LambdaForm$DMH+0x000000010020c400'

Classes redefined (0 events):
No events

Internal exceptions (20 events):
Event: 2.957 Thread 0x0000023d266e5140 Exception <a 'java/lang/NoSuchMethodError'{0x00000000ebd62f80}: 'java.lang.Object java.lang.invoke.Invokers$Holder.invokeExact_MT(java.lang.Object, java.lang.Object, java.lang.Object, java.lang.Object)'> (0x00000000ebd62f80) 
thrown [s\src\hotspot\share\interpreter\linkResolver.cpp, line 759]
Event: 3.457 Thread 0x0000023d266e5140 Exception <a 'java/lang/NoSuchMethodError'{0x00000000ead3d880}: 'int java.lang.invoke.DirectMethodHandle$Holder.invokeStaticInit(java.lang.Object, java.lang.Object, java.lang.Object)'> (0x00000000ead3d880) 
thrown [s\src\hotspot\share\interpreter\linkResolver.cpp, line 759]
Event: 3.474 Thread 0x0000023d266e5140 Exception <a 'java/lang/IncompatibleClassChangeError'{0x00000000eadcd550}: Found class java.lang.Object, but interface was expected> (0x00000000eadcd550) 
thrown [s\src\hotspot\share\interpreter\linkResolver.cpp, line 826]
Event: 3.516 Thread 0x0000023d2779f920 Exception <a 'java/io/FileNotFoundException'{0x00000000eada1b48}> (0x00000000eada1b48) 
thrown [s\src\hotspot\share\prims\jni.cpp, line 516]
Event: 3.834 Thread 0x0000023d266e5140 Exception <a 'java/lang/ClassNotFoundException'{0x00000000ebf303b8}: com/sun/org/apache/xerces/internal/impl/msg/spi/DOMMessagesProvider> (0x00000000ebf303b8) 
thrown [s\src\hotspot\share\classfile\systemDictionary.cpp, line 256]
Event: 3.836 Thread 0x0000023d266e5140 Implicit null exception at 0x0000023d199ccdf8 to 0x0000023d199cdab0
Event: 3.838 Thread 0x0000023d266e5140 Exception <a 'java/lang/ClassNotFoundException'{0x00000000ebf68e70}: com/sun/org/apache/xerces/internal/impl/msg/spi/XMLSerializerMessagesProvider> (0x00000000ebf68e70) 
thrown [s\src\hotspot\share\classfile\systemDictionary.cpp, line 256]
Event: 3.839 Thread 0x0000023d266e5140 Exception <a 'java/lang/ClassNotFoundException'{0x00000000ebf82ea0}: com/sun/org/apache/xerces/internal/impl/msg/spi/XMLMessagesProvider> (0x00000000ebf82ea0) 
thrown [s\src\hotspot\share\classfile\systemDictionary.cpp, line 256]
Event: 4.382 Thread 0x0000023d266e5140 Exception <a 'java/lang/NoSuchMethodError'{0x00000000ec2f16a0}: 'java.lang.Object java.lang.invoke.DirectMethodHandle$Holder.invokeStaticInit(java.lang.Object, int, int, int, int)'> (0x00000000ec2f16a0) 
thrown [s\src\hotspot\share\interpreter\linkResolver.cpp, line 759]
Event: 4.529 Thread 0x0000023d266e5140 Exception <a 'java/lang/NoSuchMethodError'{0x00000000eabc9210}: 'java.lang.Object java.lang.invoke.DirectMethodHandle$Holder.invokeStaticInit(java.lang.Object, java.lang.Object, int, int, int, int)'> (0x00000000eabc9210) 
thrown [s\src\hotspot\share\interpreter\linkResolver.cpp, line 759]
Event: 4.573 Thread 0x0000023d266e5140 Exception <a 'java/lang/ClassNotFoundException'{0x00000000eaecdb08}: com/sun/org/apache/xml/internal/serializer/spi/XMLEntitiesProvider> (0x00000000eaecdb08) 
thrown [s\src\hotspot\share\classfile\systemDictionary.cpp, line 256]
Event: 4.637 Thread 0x0000023d266e5140 Exception <a 'java/io/FileNotFoundException'{0x00000000eb223a18}> (0x00000000eb223a18) 
thrown [s\src\hotspot\share\prims\jni.cpp, line 516]
Event: 4.694 Thread 0x0000023d266e5140 Exception <a 'java/lang/UnsatisfiedLinkError'{0x00000000eb584ae8}: 找不到指定的程序。
> (0x00000000eb584ae8) 
thrown [s\src\hotspot\share\prims\jni.cpp, line 535]
Event: 4.697 Thread 0x0000023d266e5140 Exception <a 'java/io/FileNotFoundException'{0x00000000eb5a7dd0}> (0x00000000eb5a7dd0) 
thrown [s\src\hotspot\share\prims\jni.cpp, line 516]
Event: 4.703 Thread 0x0000023d266e5140 Exception <a 'java/io/FileNotFoundException'{0x00000000eb61a848}> (0x00000000eb61a848) 
thrown [s\src\hotspot\share\prims\jni.cpp, line 516]
Event: 4.709 Thread 0x0000023d266e5140 Exception <a 'java/lang/UnsatisfiedLinkError'{0x00000000eb6a5a08}: 找不到指定的程序。
> (0x00000000eb6a5a08) 
thrown [s\src\hotspot\share\prims\jni.cpp, line 535]
Event: 4.738 Thread 0x0000023d0d9b88e0 Exception <a 'java/lang/NoSuchMethodError'{0x00000000eb92d400}: 'void java.lang.invoke.DirectMethodHandle$Holder.invokeStatic(java.lang.Object, java.lang.Object, java.lang.Object, java.lang.Object)'> (0x00000000eb92d400) 
thrown [s\src\hotspot\share\interpreter\linkResolver.cpp, line 759]
Event: 4.798 Thread 0x0000023d0d9b88e0 Exception <a 'java/lang/NoSuchMethodError'{0x00000000ec07e0b0}: 'void java.lang.invoke.DirectMethodHandle$Holder.invokeSpecial(java.lang.Object, java.lang.Object, java.lang.Object, java.lang.Object, java.lang.Object, java.lang.Object)'> (0x00000000ec07e0b0) 
thrown [s\src\hotspot\share\interpreter\linkResolver.cpp, line 759]
Event: 4.799 Thread 0x0000023d0d9b88e0 Exception <a 'java/lang/NoSuchMethodError'{0x00000000ec085768}: 'java.lang.Object java.lang.invoke.DirectMethodHandle$Holder.newInvokeSpecial(java.lang.Object, java.lang.Object, java.lang.Object, java.lang.Object, java.lang.Object)'> (0x00000000ec085768) 
thrown [s\src\hotspot\share\interpreter\linkResolver.cpp, line 759]
Event: 4.868 Thread 0x0000023d0d9a5dd0 Exception <a 'java/io/FileNotFoundException'{0x00000000eacf1120}> (0x00000000eacf1120) 
thrown [s\src\hotspot\share\prims\jni.cpp, line 516]

VM Operations (20 events):
Event: 2.945 Executing VM operation: HandshakeAllThreads
Event: 2.945 Executing VM operation: HandshakeAllThreads done
Event: 3.340 Executing VM operation: ParallelGCFailedAllocation
Event: 3.344 Executing VM operation: ParallelGCFailedAllocation done
Event: 3.508 Executing VM operation: HandshakeAllThreads
Event: 3.508 Executing VM operation: HandshakeAllThreads done
Event: 3.527 Executing VM operation: CollectForMetadataAllocation
Event: 3.549 Executing VM operation: CollectForMetadataAllocation done
Event: 3.729 Executing VM operation: ParallelGCFailedAllocation
Event: 3.730 Executing VM operation: ParallelGCFailedAllocation done
Event: 3.871 Executing VM operation: HandshakeAllThreads
Event: 3.871 Executing VM operation: HandshakeAllThreads done
Event: 4.518 Executing VM operation: ParallelGCFailedAllocation
Event: 4.519 Executing VM operation: ParallelGCFailedAllocation done
Event: 4.583 Executing VM operation: HandshakeAllThreads
Event: 4.583 Executing VM operation: HandshakeAllThreads done
Event: 4.684 Executing VM operation: HandshakeAllThreads
Event: 4.684 Executing VM operation: HandshakeAllThreads done
Event: 4.828 Executing VM operation: ParallelGCFailedAllocation
Event: 4.830 Executing VM operation: ParallelGCFailedAllocation done

Events (20 events):
Event: 4.894 loading class java/lang/invoke/VarHandleInts$FieldStaticReadWrite
Event: 4.895 loading class java/lang/invoke/VarHandleInts$FieldStaticReadOnly
Event: 4.895 loading class java/lang/invoke/VarHandleInts$FieldStaticReadOnly done
Event: 4.895 loading class java/lang/invoke/VarHandleInts$FieldStaticReadWrite done
Event: 4.895 loading class java/util/concurrent/ForkJoinPool$DefaultForkJoinWorkerThreadFactory
Event: 4.895 loading class java/util/concurrent/ForkJoinPool$ForkJoinWorkerThreadFactory
Event: 4.895 loading class java/util/concurrent/ForkJoinPool$ForkJoinWorkerThreadFactory done
Event: 4.895 loading class java/util/concurrent/ForkJoinPool$DefaultForkJoinWorkerThreadFactory done
Event: 4.895 loading class java/util/concurrent/ForkJoinPool$1
Event: 4.895 loading class java/util/concurrent/ForkJoinPool$1 done
Event: 4.895 loading class java/util/concurrent/ForkJoinPool$DefaultCommonPoolForkJoinWorkerThreadFactory
Event: 4.895 loading class java/util/concurrent/ForkJoinPool$DefaultCommonPoolForkJoinWorkerThreadFactory done
Event: 4.895 loading class java/util/concurrent/ForkJoinPool$WorkQueue
Event: 4.896 loading class java/util/concurrent/ForkJoinPool$WorkQueue done
Event: 4.896 loading class java/util/concurrent/CompletableFuture$Completion
Event: 4.896 loading class java/util/concurrent/CompletableFuture$AsynchronousCompletionTask
Event: 4.896 loading class java/util/concurrent/CompletableFuture$AsynchronousCompletionTask done
Event: 4.896 loading class java/util/concurrent/ForkJoinTask
Event: 4.896 loading class java/util/concurrent/ForkJoinTask done
Event: 4.896 loading class java/util/concurrent/CompletableFuture$Completion done


Dynamic libraries:
0x00007ff641d30000 - 0x00007ff641d3e000 	c:\Users\25004\.vscode\extensions\redhat.java-1.12.0-win32-x64\jre\17.0.4.1-win32-x86_64\bin\java.exe
0x00007fff7c7e0000 - 0x00007fff7c9e9000 	C:\Windows\SYSTEM32\ntdll.dll
0x00007fff7a740000 - 0x00007fff7a7fd000 	C:\Windows\System32\KERNEL32.DLL
0x00007fff7a0a0000 - 0x00007fff7a41b000 	C:\Windows\System32\KERNELBASE.dll
0x00007fff79cb0000 - 0x00007fff79dc1000 	C:\Windows\System32\ucrtbase.dll
0x00007fff703e0000 - 0x00007fff703f8000 	c:\Users\25004\.vscode\extensions\redhat.java-1.12.0-win32-x64\jre\17.0.4.1-win32-x86_64\bin\jli.dll
0x00007fff6a6c0000 - 0x00007fff6a6d9000 	c:\Users\25004\.vscode\extensions\redhat.java-1.12.0-win32-x64\jre\17.0.4.1-win32-x86_64\bin\VCRUNTIME140.dll
0x00007fff7a800000 - 0x00007fff7a9ad000 	C:\Windows\System32\USER32.dll
0x00007fff7a070000 - 0x00007fff7a096000 	C:\Windows\System32\win32u.dll
0x00007fff7ac40000 - 0x00007fff7ac69000 	C:\Windows\System32\GDI32.dll
0x00007fff7a4c0000 - 0x00007fff7a5d8000 	C:\Windows\System32\gdi32full.dll
0x00007fff61e00000 - 0x00007fff620a5000 	C:\Windows\WinSxS\amd64_microsoft.windows.common-controls_6595b64144ccf1df_6.0.22000.120_none_9d947278b86cc467\COMCTL32.dll
0x00007fff7a420000 - 0x00007fff7a4bd000 	C:\Windows\System32\msvcp_win.dll
0x00007fff7bff0000 - 0x00007fff7c093000 	C:\Windows\System32\msvcrt.dll
0x00007fff7bce0000 - 0x00007fff7bd11000 	C:\Windows\System32\IMM32.DLL
0x00007fff6fd30000 - 0x00007fff6fd3c000 	c:\Users\25004\.vscode\extensions\redhat.java-1.12.0-win32-x64\jre\17.0.4.1-win32-x86_64\bin\vcruntime140_1.dll
0x00007fff0b800000 - 0x00007fff0b891000 	c:\Users\25004\.vscode\extensions\redhat.java-1.12.0-win32-x64\jre\17.0.4.1-win32-x86_64\bin\msvcp140.dll
0x00007ffedba20000 - 0x00007ffedc666000 	c:\Users\25004\.vscode\extensions\redhat.java-1.12.0-win32-x64\jre\17.0.4.1-win32-x86_64\bin\server\jvm.dll
0x00007fff7bbc0000 - 0x00007fff7bc6e000 	C:\Windows\System32\ADVAPI32.dll
0x00007fff7aa90000 - 0x00007fff7ab2e000 	C:\Windows\System32\sechost.dll
0x00007fff7c510000 - 0x00007fff7c630000 	C:\Windows\System32\RPCRT4.dll
0x00007fff7b060000 - 0x00007fff7b068000 	C:\Windows\System32\PSAPI.DLL
0x00007fff5ca50000 - 0x00007fff5ca59000 	C:\Windows\SYSTEM32\WSOCK32.dll
0x00007fff7bc70000 - 0x00007fff7bcdf000 	C:\Windows\System32\WS2_32.dll
0x00007fff6fc40000 - 0x00007fff6fc73000 	C:\Windows\SYSTEM32\WINMM.dll
0x00007fff6c8b0000 - 0x00007fff6c8ba000 	C:\Windows\SYSTEM32\VERSION.dll
0x00007fff78e20000 - 0x00007fff78e38000 	C:\Windows\SYSTEM32\kernel.appcore.dll
0x00007fff6a6b0000 - 0x00007fff6a6ba000 	c:\Users\25004\.vscode\extensions\redhat.java-1.12.0-win32-x64\jre\17.0.4.1-win32-x86_64\bin\jimage.dll
0x00007fff773f0000 - 0x00007fff77611000 	C:\Windows\SYSTEM32\DBGHELP.DLL
0x00007fff5cee0000 - 0x00007fff5cf11000 	C:\Windows\SYSTEM32\dbgcore.DLL
0x00007fff7a5e0000 - 0x00007fff7a65f000 	C:\Windows\System32\bcryptPrimitives.dll
0x00007fff69810000 - 0x00007fff6981e000 	c:\Users\25004\.vscode\extensions\redhat.java-1.12.0-win32-x64\jre\17.0.4.1-win32-x86_64\bin\instrument.dll
0x00007fff631a0000 - 0x00007fff631c5000 	c:\Users\25004\.vscode\extensions\redhat.java-1.12.0-win32-x64\jre\17.0.4.1-win32-x86_64\bin\java.dll
0x00007fff632c0000 - 0x00007fff632d8000 	c:\Users\25004\.vscode\extensions\redhat.java-1.12.0-win32-x64\jre\17.0.4.1-win32-x86_64\bin\zip.dll
0x00007fff7b2e0000 - 0x00007fff7ba98000 	C:\Windows\System32\SHELL32.dll
0x00007fff77db0000 - 0x00007fff78615000 	C:\Windows\SYSTEM32\windows.storage.dll
0x00007fff7ace0000 - 0x00007fff7b057000 	C:\Windows\System32\combase.dll
0x00007fff77c40000 - 0x00007fff77da6000 	C:\Windows\SYSTEM32\wintypes.dll
0x00007fff7c6b0000 - 0x00007fff7c79a000 	C:\Windows\System32\SHCORE.dll
0x00007fff7a660000 - 0x00007fff7a6bd000 	C:\Windows\System32\shlwapi.dll
0x00007fff79be0000 - 0x00007fff79c01000 	C:\Windows\SYSTEM32\profapi.dll
0x00007fff5d0f0000 - 0x00007fff5d109000 	C:\Users\25004\.vscode\extensions\redhat.java-1.12.0-win32-x64\jre\17.0.4.1-win32-x86_64\bin\net.dll
0x00007fff70be0000 - 0x00007fff70cec000 	C:\Windows\SYSTEM32\WINHTTP.dll
0x00007fff792c0000 - 0x00007fff79327000 	C:\Windows\system32\mswsock.dll
0x00007fff5cbd0000 - 0x00007fff5cbe5000 	C:\Users\25004\.vscode\extensions\redhat.java-1.12.0-win32-x64\jre\17.0.4.1-win32-x86_64\bin\nio.dll
0x00007fff62a20000 - 0x00007fff62a30000 	c:\Users\25004\.vscode\extensions\redhat.java-1.12.0-win32-x64\jre\17.0.4.1-win32-x86_64\bin\verify.dll
0x00007fff36e50000 - 0x00007fff36e8e000 	C:\Users\25004\AppData\Roaming\Code\User\globalStorage\redhat.java\1.12.0\config_ss_win\org.eclipse.equinox.launcher\org.eclipse.equinox.launcher.win32.win32.x86_64_1.2.600.v20220720-1916\eclipse_11700.dll
0x00007fff7b070000 - 0x00007fff7b20a000 	C:\Windows\System32\ole32.dll
0x00007fff79500000 - 0x00007fff79518000 	C:\Windows\SYSTEM32\CRYPTSP.dll
0x00007fff78d80000 - 0x00007fff78db5000 	C:\Windows\system32\rsaenh.dll
0x00007fff793b0000 - 0x00007fff793d9000 	C:\Windows\SYSTEM32\USERENV.dll
0x00007fff79690000 - 0x00007fff796b7000 	C:\Windows\SYSTEM32\bcrypt.dll
0x00007fff79520000 - 0x00007fff7952c000 	C:\Windows\SYSTEM32\CRYPTBASE.dll
0x00007fff78950000 - 0x00007fff7897d000 	C:\Windows\SYSTEM32\IPHLPAPI.DLL
0x00007fff7b2d0000 - 0x00007fff7b2d9000 	C:\Windows\System32\NSI.dll
0x00007fff70350000 - 0x00007fff70369000 	C:\Windows\SYSTEM32\dhcpcsvc6.DLL
0x00007fff70690000 - 0x00007fff706ae000 	C:\Windows\SYSTEM32\dhcpcsvc.DLL
0x00007fff78980000 - 0x00007fff78a68000 	C:\Windows\SYSTEM32\DNSAPI.dll
0x00007fff31d80000 - 0x00007fff31dc0000 	C:\Users\25004\AppData\Local\Temp\jna-47802641\jna3123521171356063398.dll

dbghelp: loaded successfully - version: 4.0.5 - missing functions: none
symbol engine: initialized successfully - sym options: 0x614 - pdb path: .;c:\Users\25004\.vscode\extensions\redhat.java-1.12.0-win32-x64\jre\17.0.4.1-win32-x86_64\bin;C:\Windows\SYSTEM32;C:\Windows\WinSxS\amd64_microsoft.windows.common-controls_6595b64144ccf1df_6.0.22000.120_none_9d947278b86cc467;c:\Users\25004\.vscode\extensions\redhat.java-1.12.0-win32-x64\jre\17.0.4.1-win32-x86_64\bin\server;C:\Users\25004\AppData\Roaming\Code\User\globalStorage\redhat.java\1.12.0\config_ss_win\org.eclipse.equinox.launcher\org.eclipse.equinox.launcher.win32.win32.x86_64_1.2.600.v20220720-1916;C:\Users\25004\AppData\Local\Temp\jna-47802641

VM Arguments:
jvm_args: --add-modules=ALL-SYSTEM --add-opens=java.base/java.util=ALL-UNNAMED --add-opens=java.base/java.lang=ALL-UNNAMED --add-opens=java.base/sun.nio.fs=ALL-UNNAMED -Declipse.application=org.eclipse.jdt.ls.core.id1 -Dosgi.bundles.defaultStartLevel=4 -Declipse.product=org.eclipse.jdt.ls.core.product -Djava.import.generatesMetadataFilesAtProjectRoot=false -Dfile.encoding=utf8 -XX:+UseParallelGC -XX:GCTimeRatio=4 -XX:AdaptiveSizePolicyWeight=90 -Dsun.zip.disableMemoryMapping=true -Xmx1G -Xms100m -Xlog:disable -javaagent:c:\Users\25004\.vscode\extensions\redhat.java-1.12.0-win32-x64\lombok\lombok-1.18.24.jar 
java_command: c:\Users\25004\.vscode\extensions\redhat.java-1.12.0-win32-x64\server\plugins\org.eclipse.equinox.launcher_1.6.400.v20210924-0641.jar -configuration c:\Users\25004\AppData\Roaming\Code\User\globalStorage\redhat.java\1.12.0\config_ss_win -data c:\Users\25004\AppData\Roaming\Code\User\workspaceStorage\c34afca90dcffedca03c7e3ee361e238\redhat.java\ss_ws
java_class_path (initial): c:\Users\25004\.vscode\extensions\redhat.java-1.12.0-win32-x64\server\plugins\org.eclipse.equinox.launcher_1.6.400.v20210924-0641.jar
Launcher Type: SUN_STANDARD

[Global flags]
    uintx AdaptiveSizePolicyWeight                 = 90                                        {product} {command line}
     intx CICompilerCount                          = 4                                         {product} {ergonomic}
    uintx GCTimeRatio                              = 4                                         {product} {command line}
   size_t InitialHeapSize                          = 104857600                                 {product} {command line}
   size_t MaxHeapSize                              = 1073741824                                {product} {command line}
   size_t MaxNewSize                               = 357564416                                 {product} {ergonomic}
   size_t MinHeapDeltaBytes                        = 524288                                    {product} {ergonomic}
   size_t MinHeapSize                              = 104857600                                 {product} {command line}
   size_t NewSize                                  = 34603008                                  {product} {ergonomic}
    uintx NonNMethodCodeHeapSize                   = 5839372                                {pd product} {ergonomic}
    uintx NonProfiledCodeHeapSize                  = 122909434                              {pd product} {ergonomic}
   size_t OldSize                                  = 70254592                                  {product} {ergonomic}
    uintx ProfiledCodeHeapSize                     = 122909434                              {pd product} {ergonomic}
    uintx ReservedCodeCacheSize                    = 251658240                              {pd product} {ergonomic}
     bool SegmentedCodeCache                       = true                                      {product} {ergonomic}
   size_t SoftMaxHeapSize                          = 1073741824                             {manageable} {ergonomic}
     bool UseCompressedClassPointers               = true                           {product lp64_product} {ergonomic}
     bool UseCompressedOops                        = true                           {product lp64_product} {ergonomic}
     bool UseLargePagesIndividualAllocation        = false                                  {pd product} {ergonomic}
     bool UseParallelGC                            = true                                      {product} {command line}

Logging:
Log output configuration:
 #0: stdout all=off uptime,level,tags
 #1: stderr all=off uptime,level,tags

Environment Variables:
JAVA_HOME=D:\env\jdk1.8.0_251
PATH=D:\software\anaconda\condabin;D:\software\anaconda\envs\py374;D:\software\anaconda\envs\py36;D:\software\IntelliJ IDEA 2019.2.3\plugins\maven\lib\maven3\bin;D:\env\node14\node-v14.19.3-win-x64;D:\npm\prefix;D:\software\anaconda;C:\Windows\system32;C:\Windows;C:\Windows\System32\Wbem;C:\Windows\System32\WindowsPowerShell\v1.0\;C:\Windows\System32\OpenSSH\;D:\software\Git\cmd;C:\Program Files\dotnet\;D:\\npm\\prefix;D:\software\anaconda\Scripts;D:\software\anaconda\Library\bin;D:\env\mingw64\bin;D:\software\IntelliJ IDEA 2019.2.3\jbr\bin;C:\Program Files (x86)\dotnet\;D:\software\androidStudio\bin;D:\software\androidStudio\jre\bin;D:\school\compile\LINQPad 6.9.15 Premium;D:\software\mysql8\bin;D:\software\mysql8\bin;D:\software\rabbitMq\rabbitmq_server-3.10.0\sbin;D:\env\maven\apache-maven-3.8.4;D:\env\maven\apache-maven-3.8.4\bin;D:\env\AndroidSdk\tools;D:\env\AndroidSdk\platform-tools;D:\.gradle\wrapper\dists\gradle-7.0.2-bin\857tjihv64xamwrf0h14cai3r\gradle-7.0.2\bin;D:\env\nvm;D:\env\nodeJs;D:\software\΢web߹\dll;D:\env\hadoop-3.1.1\bin;D:\software\vs2022\Common7\Tools;D:\software\anaconda\envs\py374\Scripts;C:\Users\25004\AppData\Local\Microsoft\WindowsApps;C:\Users\25004\AppData\Roaming\npm;D:\software\IntelliJ IDEA 2019.2.3\bin;D:\software\vsCodeInsVer\Microsoft VS Code\bin;C:\Users\25004\.dotnet\tools;D:\software\bandiZip\;D:\software\clion\CLion 2019.3.3\bin;D:\software\rider\JetBrains Rider 2022.1.1\bin;
USERNAME=25004
OS=Windows_NT
PROCESSOR_IDENTIFIER=Intel64 Family 6 Model 140 Stepping 2, GenuineIntel
TMP=C:\Users\25004\AppData\Local\Temp
TEMP=C:\Users\25004\AppData\Local\Temp



---------------  S Y S T E M  ---------------

OS:
 Windows 11 , 64 bit Build 22000 (10.0.22000.708)
OS uptime: 5 days 6:03 hours

CPU: total 8 (initial active 8) (4 cores per cpu, 2 threads per core) family 6 model 140 stepping 2 microcode 0x16, cx8, cmov, fxsr, ht, mmx, 3dnowpref, sse, sse2, sse3, ssse3, sse4.1, sse4.2, popcnt, lzcnt, tsc, tscinvbit, avx, avx2, aes, erms, clmul, bmi1, bmi2, adx, avx512f, avx512dq, avx512cd, avx512bw, avx512vl, sha, fma, vzeroupper, avx512_vpopcntdq, avx512_vpclmulqdq, avx512_vaes, avx512_vnni, clflush, clflushopt, clwb, avx512_vbmi2, avx512_vbmi

Memory: 4k page, system-wide physical 16167M (649M free)
TotalPageFile size 41767M (AvailPageFile size 6M)
current process WorkingSet (physical memory assigned to process): 142M, peak: 142M
current process commit charge ("private bytes"): 246M, peak: 247M

vm_info: OpenJDK 64-Bit Server VM (17.0.4.1+1) for windows-amd64 JRE (17.0.4.1+1), built on Aug 17 2022 07:42:43 by "temurin" with MS VC++ 16.7 (VS2019)

END.
