始
此关键词没有找到 奥特曼
文件输出 key_words\奥 特 曼_2022_03_10_14_41_27.txt
文件输出 key_words\翻拍_2022_03_10_14_41_31.txt
文件输出 key_words\奥 特 曼 主题 曲_2022_03_10_14_41_34.txt
文件输出 key_words\奥 特 曼 中文_2022_03_10_14_41_37.txt
文件输出 key_words\动漫推荐_2022_03_10_14_41_40.txt
文件输出 key_words\日本动漫推荐_2022_03_10_14_41_43.txt
文件输出 key_words\奥特曼系列_2022_03_10_14_41_46.txt
文件输出 key_words\迪迦奥特曼_2022_03_10_14_41_49.txt
文件输出 key_words\迪 迦 奥 特 曼_2022_03_10_14_41_53.txt
文件输出 key_words\赛文奥特曼_2022_03_10_14_41_56.txt
文件输出 key_words\艾斯奥特曼_2022_03_10_14_41_59.txt
文件输出 key_words\杰克奥特曼_2022_03_10_14_42_02.txt
文件输出 key_words\杰克 奥 特 曼_2022_03_10_14_42_05.txt
文件输出 key_words\泰罗奥特曼_2022_03_10_14_42_08.txt
文件输出 key_words\雷欧奥特曼_2022_03_10_14_42_11.txt
文件输出 key_words\爱迪奥特曼_2022_03_10_14_42_15.txt
文件输出 key_words\泽塔奥特曼_2022_03_10_14_42_18.txt
文件输出 key_words\泽 塔 奥 特 曼_2022_03_10_14_42_21.txt
文件输出 key_words\戴拿奥特曼_2022_03_10_14_42_24.txt
文件输出 key_words\盖亚奥特曼_2022_03_10_14_42_27.txt
文件输出 key_words\阿古茹奥特曼_2022_03_10_14_42_30.txt
文件输出 key_words\赛罗奥特曼_2022_03_10_14_42_33.txt
文件输出 key_words\梦比优斯奥特曼_2022_03_10_14_42_37.txt
文件输出 key_words\奈克瑟斯奥特曼_2022_03_10_14_42_40.txt
文件输出 key_words\初代奥特曼_2022_03_10_14_42_43.txt
文件输出 key_words\特利迦奥特曼_2022_03_10_14_42_46.txt
文件输出 key_words\特 利 迦 奥 特 曼_2022_03_10_14_42_49.txt
文件输出 key_words\高斯奥特曼_2022_03_10_14_42_52.txt
文件输出 key_words\佐菲奥特曼_2022_03_10_14_42_56.txt
文件输出 key_words\泰迦奥特曼_2022_03_10_14_42_59.txt
文件输出 key_words\欧布奥特曼_2022_03_10_14_43_02.txt
文件输出 key_words\昭和_2022_03_10_14_43_05.txt
文件输出 key_words\合体_2022_03_10_14_43_08.txt
文件输出 key_words\变身器_2022_03_10_14_43_11.txt
文件输出 key_words\奥特曼皮套_2022_03_10_14_43_14.txt
文件输出 key_words\奥特曼变身器 _2022_03_10_14_43_18.txt
文件输出 key_words\奥 特 曼 中文_2022_03_10_14_43_21.txt
文件输出 key_words\奥 特 曼 主题 曲_2022_03_10_14_43_24.txt
文件输出 key_words\奥 特 曼 剧场_2022_03_10_14_43_27.txt
文件输出 key_words\奥 特 曼 剧场 版_2022_03_10_14_43_30.txt
此关键词没有找到 银河
文件输出 key_words\银河 奥 特 曼_2022_03_10_14_43_33.txt
文件输出 key_words\奥 特 曼 电影_2022_03_10_14_43_37.txt
文件输出 key_words\罗布 奥 特 曼_2022_03_10_14_43_40.txt
文件输出 key_words\罗布_2022_03_10_14_43_43.txt
文件输出 key_words\高斯 奥 特 曼_2022_03_10_14_43_46.txt
文件输出 key_words\高斯_2022_03_10_14_43_49.txt
文件输出 key_words\奥 特 曼 中文 版_2022_03_10_14_43_52.txt
文件输出 key_words\奥 特 曼 格斗_2022_03_10_14_43_56.txt
文件输出 key_words\杰克 奥 特 曼_2022_03_10_14_43_59.txt
文件输出 key_words\奥 特 曼 国语_2022_03_10_14_44_02.txt
文件输出 key_words\奥 特 曼 歌曲_2022_03_10_14_44_05.txt
文件输出 key_words\奥 特 曼 初代_2022_03_10_14_44_08.txt
文件输出 key_words\奥 特 曼 中文_2022_03_10_14_44_11.txt
文件输出 key_words\奥 特 曼 主题 曲_2022_03_10_14_44_14.txt
文件输出 key_words\奥 特 曼 中文 版_2022_03_10_14_44_18.txt
文件输出 key_words\动漫_2022_03_10_14_44_21.txt
文件输出 key_words\哥 斯 拉_2022_03_10_14_44_24.txt
文件输出 key_words\圆 谷 英二_2022_03_10_14_44_27.txt
文件输出 key_words\神 光 棒_2022_03_10_14_44_30.txt
文件输出 key_words\萬代_2022_03_10_14_44_33.txt
文件输出 key_words\赛文_2022_03_10_14_44_36.txt
文件输出 key_words\艾斯_2022_03_10_14_44_40.txt
文件输出 key_words\杰克_2022_03_10_14_44_43.txt
文件输出 key_words\杰克 _2022_03_10_14_44_46.txt
文件输出 key_words\泰罗_2022_03_10_14_44_49.txt
文件输出 key_words\雷欧_2022_03_10_14_44_52.txt
文件输出 key_words\爱迪_2022_03_10_14_44_55.txt
文件输出 key_words\泽塔_2022_03_10_14_44_58.txt
文件输出 key_words\泽 塔 _2022_03_10_14_45_02.txt
文件输出 key_words\戴拿_2022_03_10_14_45_05.txt
文件输出 key_words\盖亚_2022_03_10_14_45_08.txt
文件输出 key_words\阿古茹_2022_03_10_14_45_11.txt
文件输出 key_words\赛罗_2022_03_10_14_45_14.txt
文件输出 key_words\梦比优斯_2022_03_10_14_45_17.txt
文件输出 key_words\奈克瑟斯_2022_03_10_14_45_20.txt
文件输出 key_words\初代_2022_03_10_14_45_24.txt
文件输出 key_words\特利迦_2022_03_10_14_45_27.txt
文件输出 key_words\特 利 迦 _2022_03_10_14_45_30.txt
文件输出 key_words\高斯_2022_03_10_14_45_33.txt
文件输出 key_words\佐菲_2022_03_10_14_45_36.txt
文件输出 key_words\泰迦_2022_03_10_14_45_39.txt
文件输出 key_words\搞笑奥特曼_2022_03_10_14_45_42.txt
文件输出 key_words\沙雕奥特曼_2022_03_10_14_45_46.txt
文件输出 key_words\奥特曼搞笑_2022_03_10_14_45_49.txt
文件输出 key_words\搞笑特摄_2022_03_10_14_45_52.txt
文件输出 key_words\日本动画片_2022_03_10_14_45_55.txt
文件输出 key_words\动画_2022_03_10_14_45_58.txt
文件输出 key_words\怪兽_2022_03_10_14_46_01.txt
文件输出 key_words\长野博_2022_03_10_14_46_04.txt
文件输出 key_words\经典_2022_03_10_14_46_08.txt
文件输出 key_words\特摄片_2022_03_10_14_46_11.txt
文件输出 key_words\奥特曼女_2022_03_10_14_46_14.txt
文件输出 key_words\圆谷_2022_03_10_14_46_17.txt
文件输出 key_words\圆谷特摄剧_2022_03_10_14_46_20.txt
文件输出 key_words\变身_2022_03_10_14_46_23.txt
文件输出 key_words\圆谷株式会社_2022_03_10_14_46_26.txt
文件输出 key_words\特效_2022_03_10_14_46_30.txt
文件输出 key_words\童年_2022_03_10_14_46_33.txt
文件输出 key_words\热血_2022_03_10_14_46_36.txt
文件输出 key_words\奥特曼系列_2022_03_10_14_46_39.txt
此关键词没有找到 
文件输出 key_words\生活_2022_03_10_14_46_42.txt
文件输出 key_words\原创_2022_03_10_14_46_45.txt
文件输出 key_words\奥特曼故事_2022_03_10_14_46_49.txt
文件输出 key_words\伟大的奥特曼_2022_03_10_14_46_52.txt
文件输出 key_words\奥特曼全家福_2022_03_10_14_46_55.txt
文件输出 key_words\奥特曼表情包_2022_03_10_14_46_58.txt
文件输出 key_words\奥特曼卡片_2022_03_10_14_47_01.txt
文件输出 key_words\奥特曼头像_2022_03_10_14_47_04.txt
文件输出 key_words\奥特曼名字_2022_03_10_14_47_07.txt
文件输出 key_words\奥特曼主题曲_2022_03_10_14_47_10.txt
文件输出 key_words\奥特曼格斗进化3_2022_03_10_14_47_14.txt
文件输出 key_words\奥特曼银河格斗3_2022_03_10_14_47_17.txt
文件输出 key_words\奥特曼奥特曼_2022_03_10_14_47_20.txt
文件输出 key_words\奥特曼艾克斯_2022_03_10_14_47_23.txt
文件输出 key_words\奥特曼艾斯_2022_03_10_14_47_26.txt
文件输出 key_words\奥特曼阿古茹_2022_03_10_14_47_29.txt
文件输出 key_words\奥特曼暗恋小怪兽_2022_03_10_14_47_32.txt
文件输出 key_words\奥特曼艾克斯线上看_2022_03_10_14_47_36.txt
文件输出 key_words\奥特曼变身器_2022_03_10_14_47_39.txt
文件输出 key_words\奥特曼吧_2022_03_10_14_47_42.txt
文件输出 key_words\奥特曼壁纸_2022_03_10_14_47_45.txt
文件输出 key_words\奥特曼被禁_2022_03_10_14_47_48.txt
文件输出 key_words\奥特曼变身_2022_03_10_14_47_51.txt
文件输出 key_words\奥特曼表情_2022_03_10_14_47_54.txt
文件输出 key_words\奥特曼传奇_2022_03_10_14_47_57.txt
文件输出 key_words\奥特曼传奇英雄_2022_03_10_14_48_00.txt
文件输出 key_words\奥特曼传奇英雄破解版_2022_03_10_14_48_04.txt
文件输出 key_words\奥特曼存在吗_2022_03_10_14_48_07.txt
文件输出 key_words\奥特曼初代_2022_03_10_14_48_10.txt
文件输出 key_words\超奥特曼8兄弟_2022_03_10_14_48_13.txt
文件输出 key_words\从奥特曼开始具现万物_2022_03_10_14_48_16.txt
文件输出 key_words\奥特曼帝国_2022_03_10_14_48_19.txt
文件输出 key_words\奥特曼电影_2022_03_10_14_48_22.txt
文件输出 key_words\奥特曼迪迦_2022_03_10_14_48_26.txt
文件输出 key_words\奥特曼大全_2022_03_10_14_48_29.txt
文件输出 key_words\奥特曼打怪兽_2022_03_10_14_48_32.txt
文件输出 key_words\奥特曼大电影_2022_03_10_14_48_35.txt
文件输出 key_words\奥特曼蛋糕_2022_03_10_14_48_38.txt
文件输出 key_words\当奥特曼不会光线_2022_03_10_14_48_41.txt
文件输出 key_words\奥特曼 英语_2022_03_10_14_48_44.txt
文件输出 key_words\奥特曼 英雄对决_2022_03_10_14_48_47.txt
文件输出 key_words\奥特曼 英雄_2022_03_10_14_48_51.txt
文件输出 key_words\奥特曼 英文名_2022_03_10_14_48_54.txt
文件输出 key_words\奥特曼怪兽_2022_03_10_14_48_57.txt
文件输出 key_words\奥特曼格斗进化_2022_03_10_14_49_00.txt
文件输出 key_words\奥特曼歌曲_2022_03_10_14_49_03.txt
文件输出 key_words\奥特曼格斗进化重生_2022_03_10_14_49_06.txt
文件输出 key_words\奥特曼格斗进化3下载_2022_03_10_14_49_09.txt
文件输出 key_words\奥特曼官网_2022_03_10_14_49_12.txt
文件输出 key_words\奥特曼怪兽大全_2022_03_10_14_49_16.txt
文件输出 key_words\奥特曼 g_2022_03_10_14_49_19.txt
文件输出 key_words\奥特曼画画_2022_03_10_14_49_22.txt
文件输出 key_words\奥特曼剧场版_2022_03_10_14_49_25.txt
文件输出 key_words\奥特曼家族_2022_03_10_14_49_28.txt
文件输出 key_words\奥特曼将军_2022_03_10_14_49_31.txt
文件输出 key_words\奥特曼 集结_2022_03_10_14_49_34.txt
文件输出 key_words\奥特曼角色_2022_03_10_14_49_38.txt
文件输出 key_words\奥特曼捷德_2022_03_10_14_49_41.txt
文件输出 key_words\奥特曼介绍_2022_03_10_14_49_44.txt
文件输出 key_words\假奥特曼_2022_03_10_14_49_47.txt
文件输出 key_words\奥特曼卡_2022_03_10_14_49_50.txt
文件输出 key_words\奥特曼卡片等级_2022_03_10_14_49_53.txt
文件输出 key_words\奥特曼卡牌_2022_03_10_14_49_56.txt
文件输出 key_words\奥特曼卡蜜拉_2022_03_10_14_49_59.txt
文件输出 key_words\奥特曼卡通_2022_03_10_14_50_03.txt
文件输出 key_words\奥特曼 恐怖_2022_03_10_14_50_06.txt
文件输出 key_words\奥特曼卡包_2022_03_10_14_50_09.txt
文件输出 key_words\奥特曼联盟_2022_03_10_14_50_12.txt
文件输出 key_words\奥特曼里的怪兽_2022_03_10_14_50_15.txt
文件输出 key_words\奥特曼历史_2022_03_10_14_50_18.txt
文件输出 key_words\奥特曼列表_2022_03_10_14_50_22.txt
文件输出 key_words\奥特曼乐高_2022_03_10_14_50_25.txt
文件输出 key_words\奥特曼来自哪里_2022_03_10_14_50_28.txt
文件输出 key_words\奥特曼列传_2022_03_10_14_50_31.txt
文件输出 key_words\奥特曼雷欧_2022_03_10_14_50_34.txt
文件输出 key_words\奥特曼系列o l_2022_03_10_14_50_37.txt
文件输出 key_words\奥特曼名字大全_2022_03_10_14_50_41.txt
文件输出 key_words\奥特曼梦比优斯_2022_03_10_14_50_44.txt
文件输出 key_words\奥特曼名单_2022_03_10_14_50_47.txt
文件输出 key_words\奥特曼面具_2022_03_10_14_50_50.txt
文件输出 key_words\奥特曼名称_2022_03_10_14_50_53.txt
文件输出 key_words\奥特曼盲盒_2022_03_10_14_50_56.txt
文件输出 key_words\奥特曼麦克斯_2022_03_10_14_50_59.txt
文件输出 key_words\奥特曼哪里买_2022_03_10_14_51_03.txt
文件输出 key_words\奥特曼 你相信光吗_2022_03_10_14_51_06.txt
文件输出 key_words\奥特曼奈克瑟斯_2022_03_10_14_51_09.txt
文件输出 key_words\奥特曼诺亚_2022_03_10_14_51_12.txt
文件输出 key_words\奥特曼娘_2022_03_10_14_51_15.txt
文件输出 key_words\奥特曼年龄_2022_03_10_14_51_18.txt
文件输出 key_words\奥特曼欧布_2022_03_10_14_51_21.txt
文件输出 key_words\奥特曼orb_2022_03_10_14_51_25.txt
文件输出 key_words\奥特曼op_2022_03_10_14_51_28.txt
文件输出 key_words\奥特曼欧布 原生之初_2022_03_10_14_51_31.txt
文件输出 key_words\奥特曼 o_2022_03_10_14_51_34.txt
文件输出 key_words\奥特曼皮套_2022_03_10_14_51_37.txt
文件输出 key_words\奥特曼皮套演员_2022_03_10_14_51_40.txt
文件输出 key_words\奥特曼排名_2022_03_10_14_51_43.txt
文件输出 key_words\奥特曼 pdf_2022_03_10_14_51_47.txt
文件输出 key_words\奥特曼排行榜_2022_03_10_14_51_50.txt
文件输出 key_words\奥特曼拼音_2022_03_10_14_51_53.txt
文件输出 key_words\奥特曼 平成三杰_2022_03_10_14_51_56.txt
文件输出 key_words\奥特曼破解版_2022_03_10_14_51_59.txt
文件输出 key_words\奥特曼全家名字_2022_03_10_14_52_02.txt
文件输出 key_words\奥特曼奇迹再现歌词_2022_03_10_14_52_06.txt
文件输出 key_words\奥特曼全集_2022_03_10_14_52_09.txt
文件输出 key_words\奥特曼情头_2022_03_10_14_52_12.txt
文件输出 key_words\奥特曼全家福名字_2022_03_10_14_52_15.txt
文件输出 key_words\奥特曼q版_2022_03_10_14_52_18.txt
文件输出 key_words\奥特曼青蛙_2022_03_10_14_52_21.txt
文件输出 key_words\奥特曼人间体_2022_03_10_14_52_24.txt
文件输出 key_words\奥特曼人物_2022_03_10_14_52_28.txt
文件输出 key_words\奥特曼人气排名_2022_03_10_14_52_31.txt
文件输出 key_words\奥特曼热血英雄_2022_03_10_14_52_34.txt
文件输出 key_words\奥特曼软胶_2022_03_10_14_52_37.txt
文件输出 key_words\奥特曼 人物介绍_2022_03_10_14_52_40.txt
文件输出 key_words\奥特曼身高_2022_03_10_14_52_43.txt
文件输出 key_words\奥特曼实力排名_2022_03_10_14_52_46.txt
文件输出 key_words\奥特曼顺序_2022_03_10_14_52_50.txt
文件输出 key_words\奥特曼赛罗_2022_03_10_14_52_53.txt
文件输出 key_words\奥特曼手游_2022_03_10_14_52_56.txt
文件输出 key_words\奥特曼沙雕头像_2022_03_10_14_52_59.txt
文件输出 key_words\奥特曼特利迦_2022_03_10_14_53_02.txt
文件输出 key_words\奥特曼图片_2022_03_10_14_53_05.txt
文件输出 key_words\奥特曼图鉴_2022_03_10_14_53_09.txt
文件输出 key_words\奥特曼trigger_2022_03_10_14_53_12.txt
文件输出 key_words\奥特曼台词_2022_03_10_14_53_15.txt
文件输出 key_words\奥特曼 uu_2022_03_10_14_53_18.txt
文件输出 key_words\奥特曼 歌词_2022_03_10_14_53_21.txt
文件输出 key_words\奥特曼 歌_2022_03_10_14_53_25.txt
文件输出 key_words\奥特曼 宇宙人_2022_03_10_14_53_28.txt
文件输出 key_words\奥特曼 上译_2022_03_10_14_53_31.txt
文件输出 key_words\奥特曼宇宙英雄_2022_03_10_14_53_34.txt
文件输出 key_words\奥特曼vs假面骑士_2022_03_10_14_53_37.txt
文件输出 key_words\奥特曼 vs 咸蛋超人_2022_03_10_14_53_40.txt
文件输出 key_words\奥特曼vs假面骑士 1993_2022_03_10_14_53_44.txt
文件输出 key_words\奥特曼 victory_2022_03_10_14_53_47.txt
文件输出 key_words\奥特曼 v_2022_03_10_14_53_50.txt
文件输出 key_words\奥特曼玩具_2022_03_10_14_53_53.txt
文件输出 key_words\奥特曼王者传奇_2022_03_10_14_53_56.txt
文件输出 key_words\奥特曼王者荣耀_2022_03_10_14_53_59.txt
文件输出 key_words\奥特曼舞台剧_2022_03_10_14_54_03.txt
文件输出 key_words\奥特曼问号_2022_03_10_14_54_06.txt
文件输出 key_words\奥特曼武器_2022_03_10_14_54_09.txt
文件输出 key_words\奥特曼王者对决_2022_03_10_14_54_12.txt
文件输出 key_words\奥特曼系列_2022_03_10_14_54_15.txt
文件输出 key_words\奥特曼下架_2022_03_10_14_54_18.txt
文件输出 key_words\奥特曼星球_2022_03_10_14_54_21.txt
文件输出 key_words\奥特曼 相信光_2022_03_10_14_54_25.txt
文件输出 key_words\奥特曼小说_2022_03_10_14_54_28.txt
文件输出 key_words\奥特曼小游戏_2022_03_10_14_54_31.txt
文件输出 key_words\奥特曼喜欢喝什么_2022_03_10_14_54_34.txt
文件输出 key_words\奥特曼新生代_2022_03_10_14_54_37.txt
文件输出 key_words\新奥特曼_2022_03_10_14_54_40.txt
文件输出 key_words\新奥特曼上映时间_2022_03_10_14_54_43.txt
文件输出 key_words\新奥特曼线上看_2022_03_10_14_54_47.txt
文件输出 key_words\新奥特曼列传_2022_03_10_14_54_50.txt
文件输出 key_words\新奥特曼在线_2022_03_10_14_54_53.txt
文件输出 key_words\小奥特曼_2022_03_10_14_54_56.txt
文件输出 key_words\小奥特曼表情包_2022_03_10_14_54_59.txt
文件输出 key_words\x奥特曼_2022_03_10_14_55_02.txt
文件输出 key_words\奥特曼有多少个_2022_03_10_14_55_05.txt
文件输出 key_words\奥特曼有多高_2022_03_10_14_55_09.txt
文件输出 key_words\奥特曼游戏_2022_03_10_14_55_12.txt
文件输出 key_words\奥特曼银河格斗_2022_03_10_14_55_15.txt
文件输出 key_words\奥特曼演员_2022_03_10_14_55_18.txt
文件输出 key_words\奥特曼英雄传_2022_03_10_14_55_21.txt
文件输出 key_words\奥特曼最新_2022_03_10_14_55_24.txt
文件输出 key_words\奥特曼之父_2022_03_10_14_55_27.txt
文件输出 key_words\奥特曼泽塔_2022_03_10_14_55_31.txt
文件输出 key_words\奥特曼照片_2022_03_10_14_55_34.txt
文件输出 key_words\奥特曼族谱_2022_03_10_14_55_37.txt
文件输出 key_words\奥特曼种类_2022_03_10_14_55_40.txt
文件输出 key_words\z奥特曼_2022_03_10_14_55_43.txt
文件输出 key_words\真奥特曼_2022_03_10_14_55_46.txt
文件输出 key_words\奥特曼1966_2022_03_10_14_55_49.txt
文件输出 key_words\奥特曼1_2022_03_10_14_55_53.txt
文件输出 key_words\奥特曼 1996_2022_03_10_14_55_56.txt
文件输出 key_words\奥特曼 1999_2022_03_10_14_55_59.txt
文件输出 key_words\奥特曼 1967_2022_03_10_14_56_02.txt
文件输出 key_words\奥特曼2022_2022_03_10_14_56_05.txt
文件输出 key_words\奥特曼2020_2022_03_10_14_56_08.txt
文件输出 key_words\奥特曼55周年_2022_03_10_14_56_11.txt
文件输出 key_words\奥特曼80_2022_03_10_14_56_15.txt
文件输出 key_words\奥特曼8兄弟_2022_03_10_14_56_18.txt
PS D:\proj\python\my_util_py_pub> 